<?xml version="1.0" encoding="utf-8"?><testsuites name="pytest tests"><testsuite name="pytest" errors="0" failures="0" skipped="0" tests="35" time="8.304" timestamp="2026-04-28T17:25:53.309956+00:00" hostname="agent-env-f704c2a1-b575-4864-86e3-9e8dcdc34cb6"><testcase classname="backend.tests.test_refresh_and_sms" name="test_login_returns_access_and_refresh_tokens" time="0.557" /><testcase classname="backend.tests.test_refresh_and_sms" name="test_access_token_exp_about_24h" time="0.000" /><testcase classname="backend.tests.test_refresh_and_sms" name="test_refresh_token_exp_about_30d_and_type" time="0.000" /><testcase classname="backend.tests.test_refresh_and_sms" name="test_refresh_with_valid_refresh_token_returns_new_access" time="1.259" /><testcase classname="backend.tests.test_refresh_and_sms" name="test_refresh_with_access_token_returns_401_wrong_type" time="0.065" /><testcase classname="backend.tests.test_refresh_and_sms" name="test_refresh_with_invalid_token_returns_401" time="0.059" /><testcase classname="backend.tests.test_refresh_and_sms" name="test_refresh_with_expired_token_returns_401" time="0.063" /><testcase classname="backend.tests.test_refresh_and_sms" name="test_refresh_missing_body_returns_422" time="0.066" /><testcase classname="backend.tests.test_refresh_and_sms" name="test_me_with_access_token" time="0.185" /><testcase classname="backend.tests.test_refresh_and_sms" name="test_list_leads_with_access_token" time="0.225" /><testcase classname="backend.tests.test_refresh_and_sms" name="test_patch_status_with_access_token" time="0.202" /><testcase classname="backend.tests.test_refresh_and_sms" name="test_post_leads_public_with_blank_twilio" time="0.063" /><testcase classname="backend.tests.test_refresh_and_sms" name="test_notifications_send_lead_sms_noop_when_blank" time="0.001" /><testcase classname="backend.tests.test_refresh_and_sms" name="test_notifications_logs_never_contain_auth_token" time="0.001" /><testcase classname="backend.tests.test_refresh_and_sms" name="test_zzz_brute_force_lockout_still_works" time="0.411" /><testcase classname="backend.tests.test_auth_admin" name="test_login_wrong_password_returns_401" time="0.435" /><testcase classname="backend.tests.test_auth_admin" name="test_me_without_token_returns_401" time="0.215" /><testcase classname="backend.tests.test_auth_admin" name="test_me_with_token" time="0.438" /><testcase classname="backend.tests.test_auth_admin" name="test_me_with_invalid_token" time="0.189" /><testcase classname="backend.tests.test_auth_admin" name="test_list_leads_unauthorized" time="0.116" /><testcase classname="backend.tests.test_auth_admin" name="test_list_leads_with_admin" time="0.187" /><testcase classname="backend.tests.test_auth_admin" name="test_post_leads_remains_public" time="0.076" /><testcase classname="backend.tests.test_auth_admin" name="test_patch_status_unauthorized" time="0.210" /><testcase classname="backend.tests.test_auth_admin" name="test_patch_status_unknown_id_returns_404" time="0.141" /><testcase classname="backend.tests.test_auth_admin" name="test_patch_status_invalid_value_returns_422" time="0.280" /><testcase classname="backend.tests.test_auth_admin" name="test_patch_status_happy_path" time="0.711" /><testcase classname="backend.tests.test_auth_admin" name="test_zzz_brute_force_lockout" time="0.801" /><testcase classname="backend.tests.test_leads_api" name="test_root_health" time="0.126" /><testcase classname="backend.tests.test_leads_api" name="test_create_lead_success" time="0.065" /><testcase classname="backend.tests.test_leads_api" name="test_create_then_list_includes" time="0.539" /><testcase classname="backend.tests.test_leads_api" name="test_create_lead_empty_name" time="0.071" /><testcase classname="backend.tests.test_leads_api" name="test_create_lead_missing_phone" time="0.064" /><testcase classname="backend.tests.test_leads_api" name="test_create_lead_empty_issue" time="0.065" /><testcase classname="backend.tests.test_leads_api" name="test_create_lead_short_phone" time="0.111" /><testcase classname="backend.tests.test_leads_api" name="test_create_lead_default_source" time="0.066" /></testsuite></testsuites>