<?xml version="1.0" encoding="utf-8"?><testsuites name="pytest tests"><testsuite name="pytest" errors="0" failures="1" skipped="0" tests="20" time="4.756" timestamp="2026-04-28T17:12:46.119513+00:00" hostname="agent-env-f704c2a1-b575-4864-86e3-9e8dcdc34cb6"><testcase classname="backend.tests.test_auth_admin" name="test_login_wrong_password_returns_401" time="0.487" /><testcase classname="backend.tests.test_auth_admin" name="test_me_without_token_returns_401" time="0.165" /><testcase classname="backend.tests.test_auth_admin" name="test_me_with_token" time="0.385" /><testcase classname="backend.tests.test_auth_admin" name="test_me_with_invalid_token" time="0.148" /><testcase classname="backend.tests.test_auth_admin" name="test_list_leads_unauthorized" time="0.168" /><testcase classname="backend.tests.test_auth_admin" name="test_list_leads_with_admin" time="0.107" /><testcase classname="backend.tests.test_auth_admin" name="test_post_leads_remains_public" time="0.052" /><testcase classname="backend.tests.test_auth_admin" name="test_patch_status_unauthorized" time="0.116" /><testcase classname="backend.tests.test_auth_admin" name="test_patch_status_unknown_id_returns_404" time="0.164" /><testcase classname="backend.tests.test_auth_admin" name="test_patch_status_invalid_value_returns_422" time="0.184" /><testcase classname="backend.tests.test_auth_admin" name="test_patch_status_happy_path" time="0.687" /><testcase classname="backend.tests.test_auth_admin" name="test_zzz_brute_force_lockout" time="1.002"><failure message="AssertionError: Expected 429 on 6th attempt, got sequence: [401, 401, 401, 401, 401, 401]&#10;assert 401 == 429">backend/tests/test_auth_admin.py:155: in test_zzz_brute_force_lockout
    assert statuses[-1] == 429, f"Expected 429 on 6th attempt, got sequence: {statuses}"
E   AssertionError: Expected 429 on 6th attempt, got sequence: [401, 401, 401, 401, 401, 401]
E   assert 401 == 429</failure></testcase><testcase classname="backend.tests.test_leads_api" name="test_root_health" time="0.126" /><testcase classname="backend.tests.test_leads_api" name="test_create_lead_success" time="0.054" /><testcase classname="backend.tests.test_leads_api" name="test_create_then_list_includes" time="0.454" /><testcase classname="backend.tests.test_leads_api" name="test_create_lead_empty_name" time="0.060" /><testcase classname="backend.tests.test_leads_api" name="test_create_lead_missing_phone" time="0.061" /><testcase classname="backend.tests.test_leads_api" name="test_create_lead_empty_issue" time="0.046" /><testcase classname="backend.tests.test_leads_api" name="test_create_lead_short_phone" time="0.051" /><testcase classname="backend.tests.test_leads_api" name="test_create_lead_default_source" time="0.050" /></testsuite></testsuites>